[2023-05-26 22:06:00] [INFO ] [OdontologoDAOH2:63] listando todos los odontologos...
[2023-05-26 22:06:00] [INFO ] [OdontologoDAOH2:82] Se listaron todos los odontologos correctamente
[2023-05-26 22:07:11] [INFO ] [OdontologoDAOH2:26] Guardando un nuevo odontologo...
[2023-05-26 22:07:12] [INFO ] [OdontologoDAOH2:44] Se guardo el odontologo con id: 1 correctamente
[2023-05-26 22:07:45] [INFO ] [OdontologoDAOH2:63] listando todos los odontologos...
[2023-05-26 22:07:45] [INFO ] [OdontologoDAOH2:82] Se listaron todos los odontologos correctamente
[2023-05-26 22:11:50] [INFO ] [OdontologoDAOMemory:32] Listando todos los odontologos en memoria...
[2023-05-26 22:11:50] [INFO ] [OdontologoDAOMemory:33] Se listaron todos los odontologos correctamente
[2023-05-26 22:12:31] [INFO ] [OdontologoDAOMemory:23] Guardando un nuevo odontologo en memoria...
[2023-05-26 22:12:31] [INFO ] [OdontologoDAOMemory:26] Se guardo el odontologo con id: 1 correctamente
[2023-05-26 22:12:39] [INFO ] [OdontologoDAOMemory:32] Listando todos los odontologos en memoria...
[2023-05-26 22:12:39] [INFO ] [OdontologoDAOMemory:33] Se listaron todos los odontologos correctamente
[2023-05-26 22:13:02] [INFO ] [OdontologoDAOH2:63] listando todos los odontologos...
[2023-05-26 22:13:02] [INFO ] [OdontologoDAOH2:82] Se listaron todos los odontologos correctamente
[2023-05-26 22:13:02] [INFO ] [OdontologoDAOMemory:23] Guardando un nuevo odontologo en memoria...
[2023-05-26 22:13:02] [INFO ] [OdontologoDAOMemory:26] Se guardo el odontologo con id: 1 correctamente
[2023-05-26 22:13:02] [INFO ] [OdontologoDAOH2:26] Guardando un nuevo odontologo...
[2023-05-26 22:13:02] [INFO ] [OdontologoDAOH2:44] Se guardo el odontologo con id: 2 correctamente
[2023-05-26 22:13:03] [INFO ] [OdontologoDAOMemory:32] Listando todos los odontologos en memoria...
[2023-05-26 22:13:03] [INFO ] [OdontologoDAOMemory:33] Se listaron todos los odontologos correctamente
[2023-05-26 22:16:31] [INFO ] [OdontologoDAOMemory:32] Listando todos los odontologos en memoria...
[2023-05-26 22:16:31] [INFO ] [OdontologoDAOMemory:33] Se listaron todos los odontologos correctamente
[2023-05-26 22:16:48] [INFO ] [OdontologoDAOH2:63] listando todos los odontologos...
[2023-05-26 22:16:49] [INFO ] [OdontologoDAOH2:82] Se listaron todos los odontologos correctamente
[2023-05-26 22:16:49] [INFO ] [OdontologoDAOMemory:23] Guardando un nuevo odontologo en memoria...
[2023-05-26 22:16:49] [INFO ] [OdontologoDAOMemory:26] Se guardo el odontologo con id: 1 correctamente
[2023-05-26 22:17:06] [INFO ] [OdontologoDAOH2:26] Guardando un nuevo odontologo...
[2023-05-26 22:17:06] [INFO ] [OdontologoDAOH2:44] Se guardo el odontologo con id: 3 correctamente
[2023-05-26 22:17:34] [INFO ] [OdontologoDAOMemory:32] Listando todos los odontologos en memoria...
[2023-05-26 22:17:34] [INFO ] [OdontologoDAOMemory:33] Se listaron todos los odontologos correctamente
[2023-05-26 22:18:31] [INFO ] [OdontologoDAOH2:63] listando todos los odontologos...
[2023-05-26 22:18:32] [INFO ] [OdontologoDAOH2:82] Se listaron todos los odontologos correctamente
[2023-05-26 22:18:32] [INFO ] [OdontologoDAOMemory:23] Guardando un nuevo odontologo en memoria...
[2023-05-26 22:18:32] [INFO ] [OdontologoDAOMemory:26] Se guardo el odontologo con id: 1 correctamente
[2023-05-26 22:18:32] [INFO ] [OdontologoDAOH2:26] Guardando un nuevo odontologo...
[2023-05-26 22:18:32] [INFO ] [OdontologoDAOH2:44] Se guardo el odontologo con id: 4 correctamente
[2023-05-26 22:18:45] [INFO ] [OdontologoDAOMemory:32] Listando todos los odontologos en memoria...
[2023-05-26 22:18:45] [INFO ] [OdontologoDAOMemory:33] Se listaron todos los odontologos correctamente
[2023-05-26 22:21:11] [INFO ] [OdontologoDAOH2:63] listando todos los odontologos...
[2023-05-26 22:21:11] [INFO ] [OdontologoDAOH2:82] Se listaron todos los odontologos correctamente
[2023-05-26 22:21:11] [INFO ] [OdontologoDAOMemory:23] Guardando un nuevo odontologo en memoria...
[2023-05-26 22:21:11] [INFO ] [OdontologoDAOMemory:26] Se guardo el odontologo con id: 1 correctamente
[2023-05-26 22:21:11] [INFO ] [OdontologoDAOH2:26] Guardando un nuevo odontologo...
[2023-05-26 22:21:11] [INFO ] [OdontologoDAOH2:44] Se guardo el odontologo con id: 5 correctamente
[2023-05-26 22:21:28] [INFO ] [OdontologoDAOMemory:32] Listando todos los odontologos en memoria...
[2023-05-26 22:21:28] [INFO ] [OdontologoDAOMemory:33] Se listaron todos los odontologos correctamente
